Generating 3 goroutines... 

P2 receives [0 1 0] from P1: Update [0 0 2] -> [0 1 3]
P0 receives [0 0 1] from P2: Update [0 0 0] -> [1 0 1]
P1 receives [0 1 4] from P2: Update [0 1 0] -> [0 2 4]
P0 receives [0 0 2] from P2: Update [3 0 1] -> [4 0 2]
P1 receives [2 0 1] from P0: Update [0 2 4] -> [2 3 4]
P0 receives [0 1 5] from P2: Update [4 0 2] -> [5 1 5]

Concurrent Events
P0/P1     [1 0 1]   [2 0 1]   [3 0 1]   [4 0 2]   [5 1 5]   
[0 1 0]   true      true      true      true      false     
[0 2 4]   true      true      true      true      true      
[2 3 4]   false     false     true      true      true      
[2 4 4]   false     false     true      true      true      
[2 5 4]   false     false     true      true      true      



P0/P2     [1 0 1]   [2 0 1]   [3 0 1]   [4 0 2]   [5 1 5]   
[0 0 1]   false     false     false     false     false     
[0 0 2]   true      true      true      false     false     
[0 1 3]   true      true      true      true      false     
[0 1 4]   true      true      true      true      false     
[0 1 5]   true      true      true      true      false     



P1/P2     [0 1 0]   [0 2 4]   [2 3 4]   [2 4 4]   [2 5 4]   
[0 0 1]   true      false     false     false     false     
[0 0 2]   true      false     false     false     false     
[0 1 3]   false     false     false     false     false     
[0 1 4]   false     false     false     false     false     
[0 1 5]   false     true      true      true      true      


Process finished with exit code 0
