 * * * * * * * * * * * * * * * * * * * * * * * * * * *
 * Level of Recursion: 4
 * Order is to Attack
 * Commander: Loyal
 * Total Lieutenants: 6 (Loyals: 4 | Traitors: 2)
 * * * * * * * * * * * * * * * * * * * * * * * * * * *

Commander sends out order to Attack!


Recursion Tree for General 1

|--G0 Attack -> Attack
	|--G2 Attack -> Attack
		|--G3 Attack -> Attack
			|--G4 Attack -> Tie
				|--G5 Attack -> Attack
				|--G6 Retreat -> Retreat
			|--G5 Attack -> Attack
				|--G4 Attack -> Attack
				|--G6 Attack -> Attack
			|--G6 Attack -> Tie
				|--G4 Retreat -> Retreat
				|--G5 Attack -> Attack
		|--G4 Attack -> Attack
			|--G3 Attack -> Attack
				|--G5 Attack -> Attack
				|--G6 Attack -> Attack
			|--G5 Attack -> Attack
				|--G3 Attack -> Attack
				|--G6 Attack -> Attack
			|--G6 Retreat -> Retreat
				|--G3 Retreat -> Retreat
				|--G5 Retreat -> Retreat
		|--G5 Attack -> Attack
			|--G3 Attack -> Attack
				|--G4 Attack -> Attack
				|--G6 Attack -> Attack
			|--G4 Attack -> Tie
				|--G3 Attack -> Attack
				|--G6 Retreat -> Retreat
			|--G6 Attack -> Tie
				|--G3 Attack -> Attack
				|--G4 Retreat -> Retreat
		|--G6 Attack -> Attack
			|--G3 Attack -> Attack
				|--G4 Attack -> Attack
				|--G5 Attack -> Attack
			|--G4 Retreat -> Retreat
				|--G3 Retreat -> Retreat
				|--G5 Retreat -> Retreat
			|--G5 Attack -> Attack
				|--G3 Attack -> Attack
				|--G4 Attack -> Attack
	|--G3 Attack -> Tie
		|--G2 Attack -> Attack
			|--G4 Attack -> Tie
				|--G5 Attack -> Attack
				|--G6 Retreat -> Retreat
			|--G5 Attack -> Attack
				|--G4 Attack -> Attack
				|--G6 Attack -> Attack
			|--G6 Attack -> Tie
				|--G4 Retreat -> Retreat
				|--G5 Attack -> Attack
		|--G4 Attack -> Tie
			|--G2 Retreat -> Retreat
				|--G5 Retreat -> Retreat
				|--G6 Retreat -> Retreat
			|--G5 Attack -> Attack
				|--G2 Attack -> Attack
				|--G6 Attack -> Attack
			|--G6 Retreat -> Tie
				|--G2 Attack -> Attack
				|--G5 Retreat -> Retreat
		|--G5 Attack -> Retreat
			|--G2 Attack -> Attack
				|--G4 Attack -> Attack
				|--G6 Attack -> Attack
			|--G4 Attack -> Retreat
				|--G2 Retreat -> Retreat
				|--G6 Retreat -> Retreat
			|--G6 Attack -> Retreat
				|--G2 Retreat -> Retreat
				|--G4 Retreat -> Retreat
		|--G6 Attack -> Tie
			|--G2 Retreat -> Retreat
				|--G4 Retreat -> Retreat
				|--G5 Retreat -> Retreat
			|--G4 Retreat -> Tie
				|--G2 Attack -> Attack
				|--G5 Retreat -> Retreat
			|--G5 Attack -> Attack
				|--G2 Attack -> Attack
				|--G4 Attack -> Attack
	|--G4 Attack -> Tie
		|--G2 Retreat -> Retreat
			|--G3 Retreat -> Retreat
				|--G5 Retreat -> Retreat
				|--G6 Retreat -> Retreat
			|--G5 Retreat -> Retreat
				|--G3 Retreat -> Retreat
				|--G6 Retreat -> Retreat
			|--G6 Retreat -> Retreat
				|--G3 Retreat -> Retreat
				|--G5 Retreat -> Retreat
		|--G3 Attack -> Attack
			|--G2 Attack -> Attack
				|--G5 Attack -> Attack
				|--G6 Attack -> Attack
			|--G5 Attack -> Attack
				|--G2 Attack -> Attack
				|--G6 Attack -> Attack
			|--G6 Attack -> Tie
				|--G2 Retreat -> Retreat
				|--G5 Attack -> Attack
		|--G5 Attack -> Attack
			|--G2 Attack -> Attack
				|--G3 Attack -> Attack
				|--G6 Attack -> Attack
			|--G3 Attack -> Attack
				|--G2 Attack -> Attack
				|--G6 Attack -> Attack
			|--G6 Attack -> Tie
				|--G2 Retreat -> Retreat
				|--G3 Attack -> Attack
		|--G6 Retreat -> Retreat
			|--G2 Attack -> Attack
				|--G3 Attack -> Attack
				|--G5 Attack -> Attack
			|--G3 Retreat -> Retreat
				|--G2 Retreat -> Retreat
				|--G5 Retreat -> Retreat
			|--G5 Retreat -> Retreat
				|--G2 Retreat -> Retreat
				|--G3 Retreat -> Retreat
	|--G5 Attack -> Tie
		|--G2 Attack -> Attack
			|--G3 Attack -> Attack
				|--G4 Attack -> Attack
				|--G6 Attack -> Attack
			|--G4 Attack -> Tie
				|--G3 Attack -> Attack
				|--G6 Retreat -> Retreat
			|--G6 Attack -> Tie
				|--G3 Attack -> Attack
				|--G4 Retreat -> Retreat
		|--G3 Attack -> Retreat
			|--G2 Attack -> Attack
				|--G4 Attack -> Attack
				|--G6 Attack -> Attack
			|--G4 Attack -> Retreat
				|--G2 Retreat -> Retreat
				|--G6 Retreat -> Retreat
			|--G6 Attack -> Retreat
				|--G2 Retreat -> Retreat
				|--G4 Retreat -> Retreat
		|--G4 Attack -> Tie
			|--G2 Retreat -> Retreat
				|--G3 Retreat -> Retreat
				|--G6 Retreat -> Retreat
			|--G3 Attack -> Attack
				|--G2 Attack -> Attack
				|--G6 Attack -> Attack
			|--G6 Retreat -> Tie
				|--G2 Attack -> Attack
				|--G3 Retreat -> Retreat
		|--G6 Attack -> Tie
			|--G2 Retreat -> Retreat
				|--G3 Retreat -> Retreat
				|--G4 Retreat -> Retreat
			|--G3 Attack -> Attack
				|--G2 Attack -> Attack
				|--G4 Attack -> Attack
			|--G4 Retreat -> Tie
				|--G2 Attack -> Attack
				|--G3 Retreat -> Retreat
	|--G6 Attack -> Tie
		|--G2 Retreat -> Retreat
			|--G3 Retreat -> Retreat
				|--G4 Retreat -> Retreat
				|--G5 Retreat -> Retreat
			|--G4 Retreat -> Retreat
				|--G3 Retreat -> Retreat
				|--G5 Retreat -> Retreat
			|--G5 Retreat -> Retreat
				|--G3 Retreat -> Retreat
				|--G4 Retreat -> Retreat
		|--G3 Attack -> Attack
			|--G2 Attack -> Attack
				|--G4 Attack -> Attack
				|--G5 Attack -> Attack
			|--G4 Attack -> Tie
				|--G2 Retreat -> Retreat
				|--G5 Attack -> Attack
			|--G5 Attack -> Attack
				|--G2 Attack -> Attack
				|--G4 Attack -> Attack
		|--G4 Retreat -> Retreat
			|--G2 Attack -> Attack
				|--G3 Attack -> Attack
				|--G5 Attack -> Attack
			|--G3 Retreat -> Retreat
				|--G2 Retreat -> Retreat
				|--G5 Retreat -> Retreat
			|--G5 Retreat -> Retreat
				|--G2 Retreat -> Retreat
				|--G3 Retreat -> Retreat
		|--G5 Attack -> Attack
			|--G2 Attack -> Attack
				|--G3 Attack -> Attack
				|--G4 Attack -> Attack
			|--G3 Attack -> Attack
				|--G2 Attack -> Attack
				|--G4 Attack -> Attack
			|--G4 Attack -> Tie
				|--G2 Retreat -> Retreat
				|--G3 Attack -> Attack


Consensus Agreement: Attack