 * * * * * * * * * * * * * * * * * * * * * * * * * * *
 Level of Recursion: 3
 Order is to Attack
 Commander: Loyal
 Total Lieutenants: 3 (Loyals: 2 | Traitors: 1)
 * * * * * * * * * * * * * * * * * * * * * * * * * * *

Commander sends out order to Attack!


Recursion Tree for General 1

|--G0 Attack -> Attack
	|--G2 Attack -> Attack
		|--G3 Attack -> Attack
	|--G3 Attack -> Attack
		|--G2 Attack -> Attack




Recursion Tree for General 3

|--G0 Attack -> Tie
	|--G1 Attack -> Retreat
		|--G2 Retreat -> Retreat
	|--G2 Attack -> Attack
		|--G1 Attack -> Attack




Recursion Tree for General 2

|--G0 Attack -> Tie
	|--G1 Retreat -> Attack
		|--G3 Attack -> Attack
	|--G3 Attack -> Retreat
		|--G1 Retreat -> Retreat


G3 Consensus Agreement: Tie
G1 Consensus Agreement: Attack
G2 Consensus Agreement: Tie