

Node 2902 [Port: 2553]: First node to join chord.

Node[2902]: Finger Table
--------------------------------------------------
i     start      interval        successor 
--------------------------------------------------
0     2903       (2903,2904)     2902      
1     2904       (2904,2906)     2902      
2     2906       (2906,2910)     2902      
3     2910       (2910,2918)     2902      
4     2918       (2918,2934)     2902      
5     2934       (2934,2966)     2902      
6     2966       (2966,3030)     2902      
7     3030       (3030,3158)     2902      
8     3158       (3158,3414)     2902      
9     3414       (3414,3926)     2902      
10    3926       (3926,854)      2902      
11    854        (854,2902)      2902      
--------------------------------------------------
Predecessor: Unknown
Successor:2902
Keys: List()
Replicated Keys: Empty
--------------------------------------------------

Chord Node started
Chord Node started
Chord Node started
Chord Node started
Chord Node started
Chord Node started
Chord Node started
Chord Node started


Node[1109]: Successful Join -> Successor Node: 2902.

Node[1109]: Finger Table
--------------------------------------------------
i     start      interval        successor 
--------------------------------------------------
0     1110       (1110,1111)     1109      
1     1111       (1111,1113)     1109      
2     1113       (1113,1117)     1109      
3     1117       (1117,1125)     1109      
4     1125       (1125,1141)     1109      
5     1141       (1141,1173)     1109      
6     1173       (1173,1237)     1109      
7     1237       (1237,1365)     1109      
8     1365       (1365,1621)     1109      
9     1621       (1621,2133)     1109      
10    2133       (2133,3157)     1109      
11    3157       (3157,1109)     1109      
--------------------------------------------------
Predecessor: Unknown
Successor:2902
Keys: List()
Replicated Keys: Empty
--------------------------------------------------



Node[119]: Successful Join -> Successor Node: 2902.

Node[119]: Finger Table
--------------------------------------------------
i     start      interval        successor 
--------------------------------------------------
0     120        (120,121)       119       
1     121        (121,123)       119       
2     123        (123,127)       119       
3     127        (127,135)       119       
4     135        (135,151)       119       
5     151        (151,183)       119       
6     183        (183,247)       119       
7     247        (247,375)       119       
8     375        (375,631)       119       
9     631        (631,1143)      119       
10    1143       (1143,2167)     119       
11    2167       (2167,119)      119       
--------------------------------------------------
Predecessor: Unknown
Successor:2902
Keys: List()
Replicated Keys: Empty
--------------------------------------------------



Node[2538]: Successful Join -> Successor Node: 2902.

Node[2538]: Finger Table
--------------------------------------------------
i     start      interval        successor 
--------------------------------------------------
0     2539       (2539,2540)     2538      
1     2540       (2540,2542)     2538      
2     2542       (2542,2546)     2538      
3     2546       (2546,2554)     2538      
4     2554       (2554,2570)     2538      
5     2570       (2570,2602)     2538      
6     2602       (2602,2666)     2538      
7     2666       (2666,2794)     2538      
8     2794       (2794,3050)     2538      
9     3050       (3050,3562)     2538      
10    3562       (3562,490)      2538      
11    490        (490,2538)      2538      
--------------------------------------------------
Predecessor: Unknown
Successor:2902
Keys: List()
Replicated Keys: Empty
--------------------------------------------------



Node[1401]: Successful Join -> Successor Node: 2902.

Node[1401]: Finger Table
--------------------------------------------------
i     start      interval        successor 
--------------------------------------------------
0     1402       (1402,1403)     1401      
1     1403       (1403,1405)     1401      
2     1405       (1405,1409)     1401      
3     1409       (1409,1417)     1401      
4     1417       (1417,1433)     1401      
5     1433       (1433,1465)     1401      
6     1465       (1465,1529)     1401      
7     1529       (1529,1657)     1401      
8     1657       (1657,1913)     1401      
9     1913       (1913,2425)     1401      
10    2425       (2425,3449)     1401      
11    3449       (3449,1401)     1401      
--------------------------------------------------
Predecessor: Unknown
Successor:2902
Keys: List()
Replicated Keys: Empty
--------------------------------------------------



Node[2511]: Successful Join -> Successor Node: 2902.

Node[2511]: Finger Table
--------------------------------------------------
i     start      interval        successor 
--------------------------------------------------
0     2512       (2512,2513)     2511      
1     2513       (2513,2515)     2511      
2     2515       (2515,2519)     2511      
3     2519       (2519,2527)     2511      
4     2527       (2527,2543)     2511      
5     2543       (2543,2575)     2511      
6     2575       (2575,2639)     2511      
7     2639       (2639,2767)     2511      
8     2767       (2767,3023)     2511      
9     3023       (3023,3535)     2511      
10    3535       (3535,463)      2511      
11    463        (463,2511)      2511      
--------------------------------------------------
Predecessor: Unknown
Successor:2902
Keys: List()
Replicated Keys: Empty
--------------------------------------------------



Node[2813]: Successful Join -> Successor Node: 2902.

Node[2813]: Finger Table
--------------------------------------------------
i     start      interval        successor 
--------------------------------------------------
0     2814       (2814,2815)     2813      
1     2815       (2815,2817)     2813      
2     2817       (2817,2821)     2813      
3     2821       (2821,2829)     2813      
4     2829       (2829,2845)     2813      
5     2845       (2845,2877)     2813      
6     2877       (2877,2941)     2813      
7     2941       (2941,3069)     2813      
8     3069       (3069,3325)     2813      
9     3325       (3325,3837)     2813      
10    3837       (3837,765)      2813      
11    765        (765,2813)      2813      
--------------------------------------------------
Predecessor: Unknown
Successor:2902
Keys: List()
Replicated Keys: Empty
--------------------------------------------------



Node[3153]: Successful Join -> Successor Node: 2902.

Node[3153]: Finger Table
--------------------------------------------------
i     start      interval        successor 
--------------------------------------------------
0     3154       (3154,3155)     3153      
1     3155       (3155,3157)     3153      
2     3157       (3157,3161)     3153      
3     3161       (3161,3169)     3153      
4     3169       (3169,3185)     3153      
5     3185       (3185,3217)     3153      
6     3217       (3217,3281)     3153      
7     3281       (3281,3409)     3153      
8     3409       (3409,3665)     3153      
9     3665       (3665,81)       3153      
10    81         (81,1105)       3153      
11    1105       (1105,3153)     3153      
--------------------------------------------------
Predecessor: Unknown
Successor:2902
Keys: List()
Replicated Keys: Empty
--------------------------------------------------

Chord Node started
Chord Node started


Node[3822]: Successful Join -> Successor Node: 119.

Node[3822]: Finger Table
--------------------------------------------------
i     start      interval        successor 
--------------------------------------------------
0     3823       (3823,3824)     3822      
1     3824       (3824,3826)     3822      
2     3826       (3826,3830)     3822      
3     3830       (3830,3838)     3822      
4     3838       (3838,3854)     3822      
5     3854       (3854,3886)     3822      
6     3886       (3886,3950)     3822      
7     3950       (3950,4078)     3822      
8     4078       (4078,238)      3822      
9     238        (238,750)       3822      
10    750        (750,1774)      3822      
11    1774       (1774,3822)     3822      
--------------------------------------------------
Predecessor: Unknown
Successor:119
Keys: List()
Replicated Keys: Empty
--------------------------------------------------



Node[122]: Successful Join -> Successor Node: 2902.

Node[122]: Finger Table
--------------------------------------------------
i     start      interval        successor 
--------------------------------------------------
0     123        (123,124)       122       
1     124        (124,126)       122       
2     126        (126,130)       122       
3     130        (130,138)       122       
4     138        (138,154)       122       
5     154        (154,186)       122       
6     186        (186,250)       122       
7     250        (250,378)       122       
8     378        (378,634)       122       
9     634        (634,1146)      122       
10    1146       (1146,2170)     122       
11    2170       (2170,122)      122       
--------------------------------------------------
Predecessor: Unknown
Successor:2902
Keys: List()
Replicated Keys: Empty
--------------------------------------------------




Node[2902]: Finger Table
--------------------------------------------------
i     start      interval        successor 
--------------------------------------------------
0     2903       (2903,2904)     3153      
1     2904       (2904,2906)     3153      
2     2906       (2906,2910)     3153      
3     2910       (2910,2918)     3153      
4     2918       (2918,2934)     3153      
5     2934       (2934,2966)     3153      
6     2966       (2966,3030)     3153      
7     3030       (3030,3158)     3822      
8     3158       (3158,3414)     3822      
9     3414       (3414,3926)     119       
10    3926       (3926,854)      1109      
11    854        (854,2902)      2902      
--------------------------------------------------
Predecessor: 2813
Successor:3153
Keys: List()
Replicated Keys: Empty
--------------------------------------------------




Node[3153]: Finger Table
--------------------------------------------------
i     start      interval        successor 
--------------------------------------------------
0     3154       (3154,3155)     3822      
1     3155       (3155,3157)     3822      
2     3157       (3157,3161)     3822      
3     3161       (3161,3169)     3822      
4     3169       (3169,3185)     3822      
5     3185       (3185,3217)     3822      
6     3217       (3217,3281)     3822      
7     3281       (3281,3409)     3822      
8     3409       (3409,3665)     3822      
9     3665       (3665,81)       119       
10    81         (81,1105)       1109      
11    1105       (1105,3153)     3153      
--------------------------------------------------
Predecessor: 2902
Successor:3822
Keys: List()
Replicated Keys: Empty
--------------------------------------------------




Node[2511]: Finger Table
--------------------------------------------------
i     start      interval        successor 
--------------------------------------------------
0     2512       (2512,2513)     2538      
1     2513       (2513,2515)     2538      
2     2515       (2515,2519)     2538      
3     2519       (2519,2527)     2538      
4     2527       (2527,2543)     2813      
5     2543       (2543,2575)     2813      
6     2575       (2575,2639)     2813      
7     2639       (2639,2767)     2813      
8     2767       (2767,3023)     3153      
9     3023       (3023,3535)     3822      
10    3535       (3535,463)      1109      
11    463        (463,2511)      2511      
--------------------------------------------------
Predecessor: 1401
Successor:2538
Keys: List()
Replicated Keys: Empty
--------------------------------------------------




Node[2538]: Finger Table
--------------------------------------------------
i     start      interval        successor 
--------------------------------------------------
0     2539       (2539,2540)     2813      
1     2540       (2540,2542)     2813      
2     2542       (2542,2546)     2813      
3     2546       (2546,2554)     2813      
4     2554       (2554,2570)     2813      
5     2570       (2570,2602)     2813      
6     2602       (2602,2666)     2813      
7     2666       (2666,2794)     2813      
8     2794       (2794,3050)     3153      
9     3050       (3050,3562)     3822      
10    3562       (3562,490)      1109      
11    490        (490,2538)      2538      
--------------------------------------------------
Predecessor: 2511
Successor:2813
Keys: List()
Replicated Keys: Empty
--------------------------------------------------




Node[1401]: Finger Table
--------------------------------------------------
i     start      interval        successor 
--------------------------------------------------
0     1402       (1402,1403)     2511      
1     1403       (1403,1405)     2511      
2     1405       (1405,1409)     2511      
3     1409       (1409,1417)     2511      
4     1417       (1417,1433)     2511      
5     1433       (1433,1465)     2511      
6     1465       (1465,1529)     2511      
7     1529       (1529,1657)     2511      
8     1657       (1657,1913)     2511      
9     1913       (1913,2425)     2511      
10    2425       (2425,3449)     3822      
11    3449       (3449,1401)     1401      
--------------------------------------------------
Predecessor: 1109
Successor:2511
Keys: List()
Replicated Keys: Empty
--------------------------------------------------




Node[2813]: Finger Table
--------------------------------------------------
i     start      interval        successor 
--------------------------------------------------
0     2814       (2814,2815)     2902      
1     2815       (2815,2817)     2902      
2     2817       (2817,2821)     2902      
3     2821       (2821,2829)     2902      
4     2829       (2829,2845)     2902      
5     2845       (2845,2877)     2902      
6     2877       (2877,2941)     3153      
7     2941       (2941,3069)     3153      
8     3069       (3069,3325)     3822      
9     3325       (3325,3837)     119       
10    3837       (3837,765)      1109      
11    765        (765,2813)      2813      
--------------------------------------------------
Predecessor: 2538
Successor:2902
Keys: List()
Replicated Keys: Empty
--------------------------------------------------




Node[1109]: Finger Table
--------------------------------------------------
i     start      interval        successor 
--------------------------------------------------
0     1110       (1110,1111)     1401      
1     1111       (1111,1113)     1401      
2     1113       (1113,1117)     1401      
3     1117       (1117,1125)     1401      
4     1125       (1125,1141)     1401      
5     1141       (1141,1173)     1401      
6     1173       (1173,1237)     1401      
7     1237       (1237,1365)     1401      
8     1365       (1365,1621)     2511      
9     1621       (1621,2133)     2511      
10    2133       (2133,3157)     3822      
11    3157       (3157,1109)     1109      
--------------------------------------------------
Predecessor: 122
Successor:1401
Keys: List()
Replicated Keys: Empty
--------------------------------------------------




Node[119]: Finger Table
--------------------------------------------------
i     start      interval        successor 
--------------------------------------------------
0     120        (120,121)       122       
1     121        (121,123)       1109      
2     123        (123,127)       1109      
3     127        (127,135)       1109      
4     135        (135,151)       1109      
5     151        (151,183)       1109      
6     183        (183,247)       1109      
7     247        (247,375)       1109      
8     375        (375,631)       1109      
9     631        (631,1143)      1401      
10    1143       (1143,2167)     2511      
11    2167       (2167,119)      119       
--------------------------------------------------
Predecessor: 3822
Successor:122
Keys: List()
Replicated Keys: Empty
--------------------------------------------------




Node[3822]: Finger Table
--------------------------------------------------
i     start      interval        successor 
--------------------------------------------------
0     3823       (3823,3824)     119       
1     3824       (3824,3826)     119       
2     3826       (3826,3830)     119       
3     3830       (3830,3838)     119       
4     3838       (3838,3854)     119       
5     3854       (3854,3886)     119       
6     3886       (3886,3950)     119       
7     3950       (3950,4078)     119       
8     4078       (4078,238)      1109      
9     238        (238,750)       1109      
10    750        (750,1774)      2511      
11    1774       (1774,3822)     3822      
--------------------------------------------------
Predecessor: 3153
Successor:119
Keys: List()
Replicated Keys: Empty
--------------------------------------------------




Node[122]: Finger Table
--------------------------------------------------
i     start      interval        successor 
--------------------------------------------------
0     123        (123,124)       1109      
1     124        (124,126)       1109      
2     126        (126,130)       1109      
3     130        (130,138)       1109      
4     138        (138,154)       1109      
5     154        (154,186)       1109      
6     186        (186,250)       1109      
7     250        (250,378)       1109      
8     378        (378,634)       1109      
9     634        (634,1146)      1401      
10    1146       (1146,2170)     2511      
11    2170       (2170,122)      122       
--------------------------------------------------
Predecessor: 119
Successor:1109
Keys: List()
Replicated Keys: Empty
--------------------------------------------------



Node[2902]: Finger Table
--------------------------------------------------
i     start      interval        successor 
--------------------------------------------------
0     2903       (2903,2904)     3153      
1     2904       (2904,2906)     3153      
2     2906       (2906,2910)     3153      
3     2910       (2910,2918)     3153      
4     2918       (2918,2934)     3153      
5     2934       (2934,2966)     3153      
6     2966       (2966,3030)     3153      
7     3030       (3030,3158)     3822      
8     3158       (3158,3414)     3822      
9     3414       (3414,3926)     119       
10    3926       (3926,854)      1109      
11    854        (854,2902)      2902      
--------------------------------------------------
Predecessor: 2813
Successor:3153
Keys: List()
Replicated Keys: Empty
--------------------------------------------------




Node[1401]: Finger Table
--------------------------------------------------
i     start      interval        successor 
--------------------------------------------------
0     1402       (1402,1403)     2511      
1     1403       (1403,1405)     2511      
2     1405       (1405,1409)     2511      
3     1409       (1409,1417)     2511      
4     1417       (1417,1433)     2511      
5     1433       (1433,1465)     2511      
6     1465       (1465,1529)     2511      
7     1529       (1529,1657)     2511      
8     1657       (1657,1913)     2511      
9     1913       (1913,2425)     2511      
10    2425       (2425,3449)     3822      
11    3449       (3449,1401)     1401      
--------------------------------------------------
Predecessor: 1109
Successor:2511
Keys: List()
Replicated Keys: Empty
--------------------------------------------------




Node[122]: Finger Table
--------------------------------------------------
i     start      interval        successor 
--------------------------------------------------
0     123        (123,124)       1109      
1     124        (124,126)       1109      
2     126        (126,130)       1109      
3     130        (130,138)       1109      
4     138        (138,154)       1109      
5     154        (154,186)       1109      
6     186        (186,250)       1109      
7     250        (250,378)       1109      
8     378        (378,634)       1109      
9     634        (634,1146)      1401      
10    1146       (1146,2170)     2511      
11    2170       (2170,122)      122       
--------------------------------------------------
Predecessor: 119
Successor:1109
Keys: List()
Replicated Keys: Empty
--------------------------------------------------




Node[119]: Finger Table
--------------------------------------------------
i     start      interval        successor 
--------------------------------------------------
0     120        (120,121)       122       
1     121        (121,123)       1109      
2     123        (123,127)       1109      
3     127        (127,135)       1109      
4     135        (135,151)       1109      
5     151        (151,183)       1109      
6     183        (183,247)       1109      
7     247        (247,375)       1109      
8     375        (375,631)       1109      
9     631        (631,1143)      1401      
10    1143       (1143,2167)     2511      
11    2167       (2167,119)      119       
--------------------------------------------------
Predecessor: 3822
Successor:122
Keys: List()
Replicated Keys: Empty
--------------------------------------------------




Node[3153]: Finger Table
--------------------------------------------------
i     start      interval        successor 
--------------------------------------------------
0     3154       (3154,3155)     3822      
1     3155       (3155,3157)     3822      
2     3157       (3157,3161)     3822      
3     3161       (3161,3169)     3822      
4     3169       (3169,3185)     3822      
5     3185       (3185,3217)     3822      
6     3217       (3217,3281)     3822      
7     3281       (3281,3409)     3822      
8     3409       (3409,3665)     3822      
9     3665       (3665,81)       119       
10    81         (81,1105)       1109      
11    1105       (1105,3153)     3153      
--------------------------------------------------
Predecessor: 2902
Successor:3822
Keys: List()
Replicated Keys: Empty
--------------------------------------------------




Node[2538]: Finger Table
--------------------------------------------------
i     start      interval        successor 
--------------------------------------------------
0     2539       (2539,2540)     2813      
1     2540       (2540,2542)     2813      
2     2542       (2542,2546)     2813      
3     2546       (2546,2554)     2813      
4     2554       (2554,2570)     2813      
5     2570       (2570,2602)     2813      
6     2602       (2602,2666)     2813      
7     2666       (2666,2794)     2813      
8     2794       (2794,3050)     3153      
9     3050       (3050,3562)     3822      
10    3562       (3562,490)      1109      
11    490        (490,2538)      2538      
--------------------------------------------------
Predecessor: 2511
Successor:2813
Keys: List()
Replicated Keys: Empty
--------------------------------------------------




Node[2813]: Finger Table
--------------------------------------------------
i     start      interval        successor 
--------------------------------------------------
0     2814       (2814,2815)     2902      
1     2815       (2815,2817)     2902      
2     2817       (2817,2821)     2902      
3     2821       (2821,2829)     2902      
4     2829       (2829,2845)     2902      
5     2845       (2845,2877)     2902      
6     2877       (2877,2941)     3153      
7     2941       (2941,3069)     3153      
8     3069       (3069,3325)     3822      
9     3325       (3325,3837)     119       
10    3837       (3837,765)      1109      
11    765        (765,2813)      2813      
--------------------------------------------------
Predecessor: 2538
Successor:2902
Keys: List()
Replicated Keys: Empty
--------------------------------------------------




Node[2511]: Finger Table
--------------------------------------------------
i     start      interval        successor 
--------------------------------------------------
0     2512       (2512,2513)     2538      
1     2513       (2513,2515)     2538      
2     2515       (2515,2519)     2538      
3     2519       (2519,2527)     2538      
4     2527       (2527,2543)     2813      
5     2543       (2543,2575)     2813      
6     2575       (2575,2639)     2813      
7     2639       (2639,2767)     2813      
8     2767       (2767,3023)     3153      
9     3023       (3023,3535)     3822      
10    3535       (3535,463)      1109      
11    463        (463,2511)      2511      
--------------------------------------------------
Predecessor: 1401
Successor:2538
Keys: List()
Replicated Keys: Empty
--------------------------------------------------




Node[1109]: Finger Table
--------------------------------------------------
i     start      interval        successor 
--------------------------------------------------
0     1110       (1110,1111)     1401      
1     1111       (1111,1113)     1401      
2     1113       (1113,1117)     1401      
3     1117       (1117,1125)     1401      
4     1125       (1125,1141)     1401      
5     1141       (1141,1173)     1401      
6     1173       (1173,1237)     1401      
7     1237       (1237,1365)     1401      
8     1365       (1365,1621)     2511      
9     1621       (1621,2133)     2511      
10    2133       (2133,3157)     3822      
11    3157       (3157,1109)     1109      
--------------------------------------------------
Predecessor: 122
Successor:1401
Keys: List()
Replicated Keys: Empty
--------------------------------------------------




Node[3822]: Finger Table
--------------------------------------------------
i     start      interval        successor 
--------------------------------------------------
0     3823       (3823,3824)     119       
1     3824       (3824,3826)     119       
2     3826       (3826,3830)     119       
3     3830       (3830,3838)     119       
4     3838       (3838,3854)     119       
5     3854       (3854,3886)     119       
6     3886       (3886,3950)     119       
7     3950       (3950,4078)     119       
8     4078       (4078,238)      1109      
9     238        (238,750)       1109      
10    750        (750,1774)      2511      
11    1774       (1774,3822)     3822      
--------------------------------------------------
Predecessor: 3153
Successor:119
Keys: List()
Replicated Keys: Empty
--------------------------------------------------

[SEE: project-2.output]