Chord Node[2902] started
Chord Node[3153] started
Chord Node[1109] started
Chord Node[1401] started



Status Update
Node[2902]: Finger Table
--------------------------------------------------
i     start      interval        successor 
--------------------------------------------------
0     2903       (2903,2904)     3153      
1     2904       (2904,2906)     3153      
2     2906       (2906,2910)     3153      
3     2910       (2910,2918)     3153      
4     2918       (2918,2934)     3153      
5     2934       (2934,2966)     3153      
6     2966       (2966,3030)     3153      
7     3030       (3030,3158)     1109      
8     3158       (3158,3414)     1109      
9     3414       (3414,3926)     1109      
10    3926       (3926,854)      1109      
11    854        (854,2902)      2902      
--------------------------------------------------
Predecessor: 1401
Successor:3153
Keys: Empty
Replicated Keys: Empty
--------------------------------------------------



Status Update
Node[1109]: Finger Table
--------------------------------------------------
i     start      interval        successor 
--------------------------------------------------
0     1110       (1110,1111)     1401      
1     1111       (1111,1113)     1401      
2     1113       (1113,1117)     1401      
3     1117       (1117,1125)     1401      
4     1125       (1125,1141)     1401      
5     1141       (1141,1173)     1401      
6     1173       (1173,1237)     1401      
7     1237       (1237,1365)     1401      
8     1365       (1365,1621)     2902      
9     1621       (1621,2133)     2902      
10    2133       (2133,3157)     1109      
11    3157       (3157,1109)     1109      
--------------------------------------------------
Predecessor: 3153
Successor:1401
Keys: Empty
Replicated Keys: Empty
--------------------------------------------------



Status Update
Node[1401]: Finger Table
--------------------------------------------------
i     start      interval        successor 
--------------------------------------------------
0     1402       (1402,1403)     2902      
1     1403       (1403,1405)     2902      
2     1405       (1405,1409)     2902      
3     1409       (1409,1417)     2902      
4     1417       (1417,1433)     2902      
5     1433       (1433,1465)     2902      
6     1465       (1465,1529)     2902      
7     1529       (1529,1657)     2902      
8     1657       (1657,1913)     2902      
9     1913       (1913,2425)     2902      
10    2425       (2425,3449)     1109      
11    3449       (3449,1401)     1401      
--------------------------------------------------
Predecessor: 1109
Successor:2902
Keys: Empty
Replicated Keys: Empty
--------------------------------------------------



Status Update
Node[3153]: Finger Table
--------------------------------------------------
i     start      interval        successor 
--------------------------------------------------
0     3154       (3154,3155)     1109      
1     3155       (3155,3157)     1109      
2     3157       (3157,3161)     1109      
3     3161       (3161,3169)     1109      
4     3169       (3169,3185)     1109      
5     3185       (3185,3217)     1109      
6     3217       (3217,3281)     1109      
7     3281       (3281,3409)     1109      
8     3409       (3409,3665)     1109      
9     3665       (3665,81)       1109      
10    81         (81,1105)       1109      
11    1105       (1105,3153)     3153      
--------------------------------------------------
Predecessor: 2902
Successor:1109
Keys: Empty
Replicated Keys: Empty
--------------------------------------------------



Distributed build of BDD for expression = 
(x1&&x3)||(!x1&&!x3)

Elapsed time: 61165986ns
------------------------------------------------------
index      var        low        high      
0          7          -          -         
1          7          -          -         
2          3          1          0         
3          3          0          1         
4          1          2          3         



Distributed build of BDD for expression = 
(x0&&x2)||(!x0&&!x2)

Elapsed time: 14897514ns
------------------------------------------------------
index      var        low        high      
0          7          -          -         
1          7          -          -         
2          2          1          0         
3          2          0          1         
4          0          2          3         



Apply ITE operator AND to expressions: 
Exp[1] = (x1&&x3)||(!x1&&!x3)
Exp[2] = (x1&&x3)||(!x1&&!x3)
Elapsed time: 4276819ns
------------------------------------------------------
index      var        low        high      
0          7          -          -         
1          7          -          -         
2          3          1          0         
3          3          0          1         
4          1          2          3         

93


Sequential build of ROBDD for Exp = 
(x1&&x3)||(!x1&&!x3)

Elapsed time: 7885871ns
------------------------------------------------------
index      var        low        high      
0          7          -          -         
1          7          -          -         
2          3          1          0         
3          3          0          1         
4          1          2          3         



Sequential build of ROBDD for Exp = 
(x0&&x2)||(!x0&&!x2)

Elapsed time: 6347291ns
------------------------------------------------------
index      var        low        high      
0          7          -          -         
1          7          -          -         
2          2          1          0         
3          2          0          1         
4          0          2          3         



Apply ITE operator AND to expressions: 
Exp[1] = (x1&&x3)||(!x1&&!x3)
Exp[2] = (x0&&x2)||(!x0&&!x2) (Sequential)
Elapsed time: 491146ns
------------------------------------------------------
index      var        low        high      
0          7          -          -         
1          7          -          -         
2          3          1          0         
3          2          2          0         
4          3          0          1         
5          2          4          0         
6          1          3          5         
7          2          0          2         
8          2          0          4         
9          1          7          8         
10         0          6          9         


Status Update
Node[2902]: Finger Table
--------------------------------------------------
i     start      interval        successor 
--------------------------------------------------
0     2903       (2903,2904)     3153      
1     2904       (2904,2906)     3153      
2     2906       (2906,2910)     3153      
3     2910       (2910,2918)     3153      
4     2918       (2918,2934)     3153      
5     2934       (2934,2966)     3153      
6     2966       (2966,3030)     3153      
7     3030       (3030,3158)     1109      
8     3158       (3158,3414)     1109      
9     3414       (3414,3926)     1109      
10    3926       (3926,854)      1109      
11    854        (854,2902)      2902      
--------------------------------------------------
Predecessor: 1401
Successor:3153
Keys: List(1685, 2169, 2302, 1969, 1422, 1885)
Replicated Keys: List(1324, 1376, 1137)
--------------------------------------------------



Status Update
Node[1401]: Finger Table
--------------------------------------------------
i     start      interval        successor 
--------------------------------------------------
0     1402       (1402,1403)     2902      
1     1403       (1403,1405)     2902      
2     1405       (1405,1409)     2902      
3     1409       (1409,1417)     2902      
4     1417       (1417,1433)     2902      
5     1433       (1433,1465)     2902      
6     1465       (1465,1529)     2902      
7     1529       (1529,1657)     2902      
8     1657       (1657,1913)     2902      
9     1913       (1913,2425)     2902      
10    2425       (2425,3449)     1109      
11    3449       (3449,1401)     1401      
--------------------------------------------------
Predecessor: 1109
Successor:2902
Keys: List(1324, 1376, 1137)
Replicated Keys: List(807, 3992, 725, 3970, 3737, 3453, 52, 3411, 3649, 3949, 310, 3418, 664, 524, 3731, 3301, 3383, 3961, 944)
--------------------------------------------------



Status Update
Node[1109]: Finger Table
--------------------------------------------------
i     start      interval        successor 
--------------------------------------------------
0     1110       (1110,1111)     1401      
1     1111       (1111,1113)     1401      
2     1113       (1113,1117)     1401      
3     1117       (1117,1125)     1401      
4     1125       (1125,1141)     1401      
5     1141       (1141,1173)     1401      
6     1173       (1173,1237)     1401      
7     1237       (1237,1365)     1401      
8     1365       (1365,1621)     2902      
9     1621       (1621,2133)     2902      
10    2133       (2133,3157)     1109      
11    3157       (3157,1109)     1109      
--------------------------------------------------
Predecessor: 3153
Successor:1401
Keys: List(807, 3992, 725, 3970, 3737, 3453, 52, 3411, 3649, 3949, 310, 3418, 664, 524, 3731, 3301, 3383, 3961, 944)
Replicated Keys: List(3107)
--------------------------------------------------



Status Update
Node[3153]: Finger Table
--------------------------------------------------
i     start      interval        successor 
--------------------------------------------------
0     3154       (3154,3155)     1109      
1     3155       (3155,3157)     1109      
2     3157       (3157,3161)     1109      
3     3161       (3161,3169)     1109      
4     3169       (3169,3185)     1109      
5     3185       (3185,3217)     1109      
6     3217       (3217,3281)     1109      
7     3281       (3281,3409)     1109      
8     3409       (3409,3665)     1109      
9     3665       (3665,81)       1109      
10    81         (81,1105)       1109      
11    1105       (1105,3153)     3153      
--------------------------------------------------
Predecessor: 2902
Successor:1109
Keys: List(3107)
Replicated Keys: List(1685, 2169, 2302, 1969, 1422, 1885)
--------------------------------------------------


Chord Node[2902] stopped
Node[3153]: <Not Found> Predecessor[2902].


Status Update
Node[3153]: Finger Table
--------------------------------------------------
i     start      interval        successor 
--------------------------------------------------
0     3154       (3154,3155)     1109      
1     3155       (3155,3157)     1109      
2     3157       (3157,3161)     1109      
3     3161       (3161,3169)     1109      
4     3169       (3169,3185)     1109      
5     3185       (3185,3217)     1109      
6     3217       (3217,3281)     1109      
7     3281       (3281,3409)     1109      
8     3409       (3409,3665)     1109      
9     3665       (3665,81)       1109      
10    81         (81,1105)       1109      
11    1105       (1105,3153)     3153      
--------------------------------------------------
Predecessor: 1401
Successor:1109
Keys: List(3107, 1685, 2169, 2302, 1969, 1422, 1885)
Replicated Keys: Empty
--------------------------------------------------



Status Update
Node[1109]: Finger Table
--------------------------------------------------
i     start      interval        successor 
--------------------------------------------------
0     1110       (1110,1111)     1401      
1     1111       (1111,1113)     1401      
2     1113       (1113,1117)     1401      
3     1117       (1117,1125)     1401      
4     1125       (1125,1141)     1401      
5     1141       (1141,1173)     1401      
6     1173       (1173,1237)     1401      
7     1237       (1237,1365)     1401      
8     1365       (1365,1621)     2902      
9     1621       (1621,2133)     2902      
10    2133       (2133,3157)     1109      
11    3157       (3157,1109)     1109      
--------------------------------------------------
Predecessor: 3153
Successor:1401
Keys: List(807, 3992, 725, 3970, 3737, 3453, 52, 3411, 3649, 3949, 310, 3418, 664, 524, 3731, 3301, 3383, 3961, 944)
Replicated Keys: List(3107)
--------------------------------------------------



Status Update
Node[1401]: Finger Table
--------------------------------------------------
i     start      interval        successor 
--------------------------------------------------
0     1402       (1402,1403)     2902      
1     1403       (1403,1405)     2902      
2     1405       (1405,1409)     2902      
3     1409       (1409,1417)     2902      
4     1417       (1417,1433)     2902      
5     1433       (1433,1465)     2902      
6     1465       (1465,1529)     2902      
7     1529       (1529,1657)     2902      
8     1657       (1657,1913)     2902      
9     1913       (1913,2425)     2902      
10    2425       (2425,3449)     1109      
11    3449       (3449,1401)     1401      
--------------------------------------------------
Predecessor: 1109
Successor:3153
Keys: List(1324, 1376, 1137)
Replicated Keys: List(807, 3992, 725, 3970, 3737, 3453, 52, 3411, 3649, 3949, 310, 3418, 664, 524, 3731, 3301, 3383, 3961, 944)
--------------------------------------------------



Status Update
Node[3153]: Finger Table
--------------------------------------------------
i     start      interval        successor 
--------------------------------------------------
0     3154       (3154,3155)     1109      
1     3155       (3155,3157)     1109      
2     3157       (3157,3161)     1109      
3     3161       (3161,3169)     1109      
4     3169       (3169,3185)     1109      
5     3185       (3185,3217)     1109      
6     3217       (3217,3281)     1109      
7     3281       (3281,3409)     1109      
8     3409       (3409,3665)     1109      
9     3665       (3665,81)       1109      
10    81         (81,1105)       1109      
11    1105       (1105,3153)     3153      
--------------------------------------------------
Predecessor: 1401
Successor:1109
Keys: List(3107, 1685, 2169, 2302, 1969, 1422, 1885)
Replicated Keys: Empty
--------------------------------------------------



Status Update
Node[1109]: Finger Table
--------------------------------------------------
i     start      interval        successor 
--------------------------------------------------
0     1110       (1110,1111)     1401      
1     1111       (1111,1113)     1401      
2     1113       (1113,1117)     1401      
3     1117       (1117,1125)     1401      
4     1125       (1125,1141)     1401      
5     1141       (1141,1173)     1401      
6     1173       (1173,1237)     1401      
7     1237       (1237,1365)     1401      
8     1365       (1365,1621)     2902      
9     1621       (1621,2133)     2902      
10    2133       (2133,3157)     1109      
11    3157       (3157,1109)     1109      
--------------------------------------------------
Predecessor: 3153
Successor:1401
Keys: List(807, 3992, 725, 3970, 3737, 3453, 52, 3411, 3649, 3949, 310, 3418, 664, 524, 3731, 3301, 3383, 3961, 944)
Replicated Keys: List(3107)
--------------------------------------------------